Arguments: 
  C:\Program Files\nodejs\node.exe C:\Users\kornu\AppData\Roaming\npm\node_modules\yarn\bin\yarn.js add gh-pages --dev

PATH: 
  C:\Program Files\Git\mingw64\bin;C:\Program Files\Git\usr\bin;C:\Users\kornu\bin;C:\Windows\system32;C:\Windows;C:\Windows\System32\Wbem;C:\Windows\System32\WindowsPowerShell\v1.0;C:\Windows\System32\OpenSSH;C:\Program Files\nodejs;C:\Program Files\Git\cmd;C:\Users\kornu\AppData\Local\Microsoft\WindowsApps;C:\Users\kornu\AppData\Roaming\npm;C:\Users\kornu\AppData\Local\Programs\Microsoft VS Code\bin;C:\Users\kornu\AppData\Local\GitHubDesktop\bin

Yarn version: 
  1.22.18

Node version: 
  16.15.0

Platform: 
  win32 x64

Trace: 
  Error: EPERM: operation not permitted, unlink 'D:\prog\parcel\node_modules\@lmdb\lmdb-win32-x64\node.abi93.node'

npm manifest: 
  {
    "name": "parcel-template",
    "version": "1.0.0",
    "description": "parcel template",
    "main": "index.js",
    "scripts": {
      "test": "echo \"Error: no test specified\" && exit 1",
      "start": "parcel src/index.html",
      "build": "parcel build src/*.html --public-url /myParcel/"
    },
    "repository": {
      "type": "git",
      "url": "git+https://github.com/aleksvoloshyn/parcel-template.git"
    },
    "author": "alexx.voloshyn@gmail.com",
    "license": "ISC",
    "devDependencies": {
      "@parcel/transformer-sass": "^2.7.0",
      "lodash": "^4.17.21",
      "parcel": "^2.7.0",
      "posthtml-include": "^1.7.4"
    }
  }

yarn manifest: 
  No manifest

Lockfile: 
  No lockfile
